------------------------------------------------------------------
------This is the log report of the system info of the server.----
------------------------------------------------------------------


---------------------------System Report--------------------------
CPU Usage : 2.7 %
------------------------------------------------------------------
RAM Usage : 65.8 % 
------------------------------------------------------------------

 Disk Usage Report 
------------------------------------------------------------------
/ -> 23.3 % used 
/home -> 23.3 % used 
/boot -> 28.2 % used 
/var/lib/snapd/snap/bare/5 -> 100.0 % used 
/var/lib/snapd/snap/core20/2769 -> 100.0 % used 
/var/lib/snapd/snap/core18/2999 -> 100.0 % used 
/var/lib/snapd/snap/snapd/26382 -> 100.0 % used 
/boot/efi -> 19.6 % used 
------------------------------------------------------------------

Network Usage Report
Sent : 52.07 Mb
Recv : 1435.89 Mb
------------------------------------------------------------------
